<?xml version="1.0" encoding="UTF-8"?>
<testsuite xmlns:xsi="http://www.w3.org/2001/XMLSchema-instance" xsi:noNamespaceSchemaLocation="https://maven.apache.org/surefire/maven-surefire-plugin/xsd/surefire-test-report-3.0.xsd" version="3.0" name="TestSuite" time="1.631" tests="4" errors="0" skipped="0" failures="0">
  <properties>
[...]
</properties>
  <testcase name="test10" classname="abcd.NewTest3" time="0.015"/>
  <testcase name="test11" classname="abcd.NewTest3" time="0"/>
  <testcase name="test12" classname="abcd.NewTest3" time="0"/>
  <testcase name="test9" classname="abcd.NewTest3" time="0"/>
</testsuite>