<?xml version="1.0" encoding="UTF-8"?>
<testng-results skipped="0" failed="0" ignored="0" total="4" passed="4">
  <reporter-output>
  </reporter-output>
  <suite name="Suite" duration-ms="62" started-at="2019-05-11T15:33:31Z" finished-at="2019-05-11T15:33:31Z">
    <groups>
    </groups>
    <test name="Test" duration-ms="62" started-at="2019-05-11T15:33:31Z" finished-at="2019-05-11T15:33:31Z">
      <class name="abcd.NewTest3">
        <test-method status="PASS" signature="test10()[pri:0, instance:abcd.NewTest3@59a6e353]" name="test10" duration-ms="15" started-at="2019-05-11T15:33:31Z" finished-at="2019-05-11T15:33:31Z">
          <reporter-output>
          </reporter-output>
        </test-method> <!-- test10 -->
        <test-method status="PASS" signature="test11()[pri:0, instance:abcd.NewTest3@59a6e353]" name="test11" duration-ms="0" started-at="2019-05-11T15:33:31Z" finished-at="2019-05-11T15:33:31Z">
          <reporter-output>
          </reporter-output>
        </test-method> <!-- test11 -->
        <test-method status="PASS" signature="test12()[pri:0, instance:abcd.NewTest3@59a6e353]" name="test12" duration-ms="0" started-at="2019-05-11T15:33:31Z" finished-at="2019-05-11T15:33:31Z">
          <reporter-output>
          </reporter-output>
        </test-method> <!-- test12 -->
        <test-method status="PASS" signature="test9()[pri:0, instance:abcd.NewTest3@59a6e353]" name="test9" duration-ms="0" started-at="2019-05-11T15:33:31Z" finished-at="2019-05-11T15:33:31Z">
          <reporter-output>
          </reporter-output>
        </test-method> <!-- test9 -->
      </class> <!-- abcd.NewTest3 -->
    </test> <!-- Test -->
  </suite> <!-- Suite -->
</testng-results>
