<?xml version="1.0" encoding="UTF-8"?>
<!-- Generated by org.testng.reporters.JUnitXMLReporter -->
<testsuite hostname="SUMAILAA-IN" ignored="0" name="Test" tests="4" failures="0" timestamp="11 May 2019 15:33:31 GMT" time="0.062" errors="0">
  <testcase name="test10" time="0.015" classname="abcd.NewTest3"/>
  <testcase name="test11" time="0.0" classname="abcd.NewTest3"/>
  <testcase name="test12" time="0.0" classname="abcd.NewTest3"/>
  <testcase name="test9" time="0.0" classname="abcd.NewTest3"/>
</testsuite> <!-- Test -->
